#
# There is insufficient memory for the Java Runtime Environment to continue.
# Native memory allocation (malloc) failed to allocate 1048576 bytes for AllocateHeap
# Possible reasons:
#   The system is out of physical RAM or swap space
#   The process is running with CompressedOops enabled, and the Java Heap may be blocking the growth of the native heap
# Possible solutions:
#   Reduce memory load on the system
#   Increase physical memory or swap space
#   Check if swap backing store is full
#   Decrease Java heap size (-Xmx/-Xms)
#   Decrease number of Java threads
#   Decrease Java thread stack sizes (-Xss)
#   Set larger code cache with -XX:ReservedCodeCacheSize=
#   JVM is running with Zero Based Compressed Oops mode in which the Java heap is
#     placed in the first 32GB address space. The Java Heap base address is the
#     maximum limit for the native heap growth. Please use -XX:HeapBaseMinAddress
#     to set the Java Heap base and to place the Java Heap above 32GB virtual address.
# This output file may be truncated or incomplete.
#
#  Out of Memory Error (allocation.cpp:44), pid=14280, tid=23148
#
# JRE version:  (17.0.4.1+1) (build )
# Java VM: OpenJDK 64-Bit Server VM (17.0.4.1+1, mixed mode, sharing, tiered, compressed oops, compressed class ptrs, g1 gc, windows-amd64)
# No core dump will be written. Minidumps are not enabled by default on client versions of Windows
#

---------------  S U M M A R Y ------------

Command Line: -Dfile.encoding=UTF-8 --module-path=D:\Users\mgarc\git\E-Card\ECard\bin -XX:+ShowCodeDetailsInExceptionMessages -Djdk.module.main=ECard ECard/ECard.Equipo

Host: Intel(R) Core(TM) i7-7700HQ CPU @ 2.80GHz, 8 cores, 15G,  Windows 10 , 64 bit Build 19041 (10.0.19041.2364)
Time: Fri Dec 30 01:00:07 2022 Hora estándar romance elapsed time: 0.014430 seconds (0d 0h 0m 0s)

---------------  T H R E A D  ---------------

Current thread (0x0000021940cfd810):  JavaThread "Unknown thread" [_thread_in_vm, id=23148, stack(0x0000006392a00000,0x0000006392b00000)]

Stack: [0x0000006392a00000,0x0000006392b00000]
Native frames: (J=compiled Java code, j=interpreted, Vv=VM code, C=native code)
V  [jvm.dll+0x67731a]
V  [jvm.dll+0x832284]
V  [jvm.dll+0x833a2e]
V  [jvm.dll+0x834093]
V  [jvm.dll+0x245775]
V  [jvm.dll+0xa6393]
V  [jvm.dll+0x2e4697]
V  [jvm.dll+0x2dc4fb]
V  [jvm.dll+0x803db1]
V  [jvm.dll+0x3698f1]
V  [jvm.dll+0x7e31bc]
V  [jvm.dll+0x3ec25f]
V  [jvm.dll+0x3edde1]
C  [jli.dll+0x5277]
C  [ucrtbase.dll+0x21bb2]
C  [KERNEL32.DLL+0x17614]
C  [ntdll.dll+0x526a1]


---------------  P R O C E S S  ---------------

Threads class SMR info:
_java_thread_list=0x00007ffbc45d4e98, length=0, elements={
}

Java Threads: ( => current thread )

Other Threads:
  0x0000021940d67a10 GCTaskThread "GC Thread#0" [stack: 0x0000006392b00000,0x0000006392c00000] [id=22400]

[error occurred during error reporting (printing all threads), id 0xc0000005, EXCEPTION_ACCESS_VIOLATION (0xc0000005) at pc=0x00007ffbc3da9620]

VM state: not at safepoint (not fully initialized)

VM Mutex/Monitor currently owned by a thread:  ([mutex/lock_event])
[0x0000021940cf8e90] Heap_lock - owner thread: 0x0000021940cfd810

Heap address: 0x0000000702200000, size: 4062 MB, Compressed Oops mode: Zero based, Oop shift amount: 3

CDS archive(s) mapped at: [0x0000000000000000-0x0000000000000000-0x0000000000000000), size 0, SharedBaseAddress: 0x0000000800000000, ArchiveRelocationMode: 0.
Narrow klass base: 0x0000000000000000, Narrow klass shift: 0, Narrow klass range: 0x0

GC Precious Log:
<Empty>

Heap:
 garbage-first heap   total 0K, used 0K [0x0000000702200000, 0x0000000800000000)
  region size 2048K, 0 young (0K), 0 survivors (0K)

[error occurred during error reporting (printing heap information), id 0xc0000005, EXCEPTION_ACCESS_VIOLATION (0xc0000005) at pc=0x00007ffbc4190699]

GC Heap History (0 events):
No events

Deoptimization events (0 events):
No events

Classes unloaded (0 events):
No events

Classes redefined (0 events):
No events

Internal exceptions (0 events):
No events

VM Operations (0 events):
No events

Events (1 events):
Event: 0.009 Loaded shared library C:\Users\mgarc\.p2\pool\plugins\org.eclipse.justj.openjdk.hotspot.jre.full.win32.x86_64_17.0.4.v20221004-1257\jre\bin\java.dll


Dynamic libraries:
0x00007ff6b0bd0000 - 0x00007ff6b0bde000 	C:\Users\mgarc\.p2\pool\plugins\org.eclipse.justj.openjdk.hotspot.jre.full.win32.x86_64_17.0.4.v20221004-1257\jre\bin\javaw.exe
0x00007ffc2f190000 - 0x00007ffc2f388000 	C:\WINDOWS\SYSTEM32\ntdll.dll
0x00007ffc2d9a0000 - 0x00007ffc2da5f000 	C:\WINDOWS\System32\KERNEL32.DLL
0x00007ffc2cc20000 - 0x00007ffc2cef2000 	C:\WINDOWS\System32\KERNELBASE.dll
0x00007ffc2cb20000 - 0x00007ffc2cc20000 	C:\WINDOWS\System32\ucrtbase.dll
0x00007ffc06590000 - 0x00007ffc065a8000 	C:\Users\mgarc\.p2\pool\plugins\org.eclipse.justj.openjdk.hotspot.jre.full.win32.x86_64_17.0.4.v20221004-1257\jre\bin\jli.dll
0x00007ffc28330000 - 0x00007ffc28349000 	C:\Users\mgarc\.p2\pool\plugins\org.eclipse.justj.openjdk.hotspot.jre.full.win32.x86_64_17.0.4.v20221004-1257\jre\bin\VCRUNTIME140.dll
0x00007ffc2e5f0000 - 0x00007ffc2e791000 	C:\WINDOWS\System32\USER32.dll
0x00007ffc22330000 - 0x00007ffc225ca000 	C:\WINDOWS\WinSxS\amd64_microsoft.windows.common-controls_6595b64144ccf1df_6.0.19041.1110_none_60b5254171f9507e\COMCTL32.dll
0x00007ffc2c8d0000 - 0x00007ffc2c8f2000 	C:\WINDOWS\System32\win32u.dll
0x00007ffc2d250000 - 0x00007ffc2d2ee000 	C:\WINDOWS\System32\msvcrt.dll
0x00007ffc2d490000 - 0x00007ffc2d4bb000 	C:\WINDOWS\System32\GDI32.dll
0x00007ffc2ca10000 - 0x00007ffc2cb1f000 	C:\WINDOWS\System32\gdi32full.dll
0x00007ffc2c900000 - 0x00007ffc2c99d000 	C:\WINDOWS\System32\msvcp_win.dll
0x00007ffc2d3a0000 - 0x00007ffc2d3d2000 	C:\WINDOWS\System32\IMM32.DLL
0x00007ffc099c0000 - 0x00007ffc099cc000 	C:\Users\mgarc\.p2\pool\plugins\org.eclipse.justj.openjdk.hotspot.jre.full.win32.x86_64_17.0.4.v20221004-1257\jre\bin\vcruntime140_1.dll
0x00007ffbe1b60000 - 0x00007ffbe1bf1000 	C:\Users\mgarc\.p2\pool\plugins\org.eclipse.justj.openjdk.hotspot.jre.full.win32.x86_64_17.0.4.v20221004-1257\jre\bin\msvcp140.dll
0x00007ffbc3ac0000 - 0x00007ffbc4706000 	C:\Users\mgarc\.p2\pool\plugins\org.eclipse.justj.openjdk.hotspot.jre.full.win32.x86_64_17.0.4.v20221004-1257\jre\bin\server\jvm.dll
0x00007ffc2d3e0000 - 0x00007ffc2d48e000 	C:\WINDOWS\System32\ADVAPI32.dll
0x00007ffc2d2f0000 - 0x00007ffc2d38c000 	C:\WINDOWS\System32\sechost.dll
0x00007ffc2e440000 - 0x00007ffc2e565000 	C:\WINDOWS\System32\RPCRT4.dll
0x00007ffc2d390000 - 0x00007ffc2d398000 	C:\WINDOWS\System32\PSAPI.DLL
0x00007ffc26b50000 - 0x00007ffc26b77000 	C:\WINDOWS\SYSTEM32\WINMM.dll
0x00007ffc1e140000 - 0x00007ffc1e149000 	C:\WINDOWS\SYSTEM32\WSOCK32.dll
0x00007ffc24840000 - 0x00007ffc2484a000 	C:\WINDOWS\SYSTEM32\VERSION.dll
0x00007ffc2d720000 - 0x00007ffc2d78b000 	C:\WINDOWS\System32\WS2_32.dll
0x00007ffc2b100000 - 0x00007ffc2b112000 	C:\WINDOWS\SYSTEM32\kernel.appcore.dll
0x00007ffc19f20000 - 0x00007ffc19f2a000 	C:\Users\mgarc\.p2\pool\plugins\org.eclipse.justj.openjdk.hotspot.jre.full.win32.x86_64_17.0.4.v20221004-1257\jre\bin\jimage.dll
0x00007ffc2a710000 - 0x00007ffc2a8f4000 	C:\WINDOWS\SYSTEM32\DBGHELP.DLL
0x00007ffc22940000 - 0x00007ffc22975000 	C:\WINDOWS\SYSTEM32\dbgcore.DLL
0x00007ffc2d060000 - 0x00007ffc2d0e2000 	C:\WINDOWS\System32\bcryptPrimitives.dll
0x00007ffbff950000 - 0x00007ffbff975000 	C:\Users\mgarc\.p2\pool\plugins\org.eclipse.justj.openjdk.hotspot.jre.full.win32.x86_64_17.0.4.v20221004-1257\jre\bin\java.dll

dbghelp: loaded successfully - version: 4.0.5 - missing functions: none
symbol engine: initialized successfully - sym options: 0x614 - pdb path: .;C:\Users\mgarc\.p2\pool\plugins\org.eclipse.justj.openjdk.hotspot.jre.full.win32.x86_64_17.0.4.v20221004-1257\jre\bin;C:\WINDOWS\SYSTEM32;C:\WINDOWS\WinSxS\amd64_microsoft.windows.common-controls_6595b64144ccf1df_6.0.19041.1110_none_60b5254171f9507e;C:\Users\mgarc\.p2\pool\plugins\org.eclipse.justj.openjdk.hotspot.jre.full.win32.x86_64_17.0.4.v20221004-1257\jre\bin\server

VM Arguments:
jvm_args: -Dfile.encoding=UTF-8 --module-path=D:\Users\mgarc\git\E-Card\ECard\bin -XX:+ShowCodeDetailsInExceptionMessages -Djdk.module.main=ECard 
java_command: ECard/ECard.Equipo
java_class_path (initial): D:\Users\mgarc\git\E-Card\ECard\jgoodies-forms-1.8.0.jar
Launcher Type: SUN_STANDARD

[Global flags]
     intx CICompilerCount                          = 4                                         {product} {ergonomic}
     uint ConcGCThreads                            = 2                                         {product} {ergonomic}
     uint G1ConcRefinementThreads                  = 8                                         {product} {ergonomic}
   size_t G1HeapRegionSize                         = 2097152                                   {product} {ergonomic}
    uintx GCDrainStackTargetSize                   = 64                                        {product} {ergonomic}
   size_t InitialHeapSize                          = 266338304                                 {product} {ergonomic}
   size_t MarkStackSize                            = 4194304                                   {product} {ergonomic}
   size_t MaxHeapSize                              = 4259315712                                {product} {ergonomic}
   size_t MinHeapDeltaBytes                        = 2097152                                   {product} {ergonomic}
   size_t MinHeapSize                              = 8388608                                   {product} {ergonomic}
    uintx NonNMethodCodeHeapSize                   = 5839372                                {pd product} {ergonomic}
    uintx NonProfiledCodeHeapSize                  = 122909434                              {pd product} {ergonomic}
    uintx ProfiledCodeHeapSize                     = 122909434                              {pd product} {ergonomic}
    uintx ReservedCodeCacheSize                    = 251658240                              {pd product} {ergonomic}
     bool SegmentedCodeCache                       = true                                      {product} {ergonomic}
     bool ShowCodeDetailsInExceptionMessages       = true                                   {manageable} {command line}
   size_t SoftMaxHeapSize                          = 4259315712                             {manageable} {ergonomic}
     bool UseCompressedClassPointers               = true                           {product lp64_product} {ergonomic}
     bool UseCompressedOops                        = true                           {product lp64_product} {ergonomic}
     bool UseG1GC                                  = true                                      {product} {ergonomic}
     bool UseLargePagesIndividualAllocation        = false                                  {pd product} {ergonomic}

Logging:
Log output configuration:
 #0: stdout all=warning uptime,level,tags
 #1: stderr all=off uptime,level,tags

Environment Variables:
PATH=C:/Users/mgarc/.p2/pool/plugins/org.eclipse.justj.openjdk.hotspot.jre.full.win32.x86_64_17.0.4.v20221004-1257/jre/bin/server;C:/Users/mgarc/.p2/pool/plugins/org.eclipse.justj.openjdk.hotspot.jre.full.win32.x86_64_17.0.4.v20221004-1257/jre/bin;C:\Program Files (x86)\Intel\iCLS Client\;C:\Program Files\Intel\iCLS Client\;C:\Windows\system32;C:\Windows;C:\Windows\System32\Wbem;C:\Windows\System32\WindowsPowerShell\v1.0\;C:\Program Files (x86)\Intel\Intel(R) Management Engine Components\DAL;C:\Program Files\Intel\Intel(R) Management Engine Components\DAL;C:\Program Files (x86)\Intel\Intel(R) Management Engine Components\IPT;C:\Program Files\Intel\Intel(R) Management Engine Components\IPT;C:\Program Files (x86)\NVIDIA Corporation\PhysX\Common;C:\WINDOWS\system32;C:\WINDOWS;C:\WINDOWS\System32\Wbem;C:\WINDOWS\System32\WindowsPowerShell\v1.0\;C:\WINDOWS\System32\OpenSSH\;C:\Program Files\dotnet\;C:\Users\mgarc\AppData\Local\Microsoft\WindowsApps;C:\Users\mgarc\.dotnet\tools;D:\Archivos de programa (x86)\Eclipse\eclipse;
USERNAME=mgarc
OS=Windows_NT
PROCESSOR_IDENTIFIER=Intel64 Family 6 Model 158 Stepping 9, GenuineIntel
TMP=C:\Users\mgarc\AppData\Local\Temp
TEMP=C:\Users\mgarc\AppData\Local\Temp



---------------  S Y S T E M  ---------------

OS:
 Windows 10 , 64 bit Build 19041 (10.0.19041.2364)
OS uptime: 5 days 7:44 hours

CPU: total 8 (initial active 8) (4 cores per cpu, 2 threads per core) family 6 model 158 stepping 9 microcode 0xb4, cx8, cmov, fxsr, ht, mmx, 3dnowpref, sse, sse2, sse3, ssse3, sse4.1, sse4.2, popcnt, lzcnt, tsc, tscinvbit, avx, avx2, aes, erms, clmul, bmi1, bmi2, adx, fma, vzeroupper, clflush, clflushopt

Memory: 4k page, system-wide physical 16244M (6685M free)
TotalPageFile size 31347M (AvailPageFile size 6M)
current process WorkingSet (physical memory assigned to process): 10M, peak: 10M
current process commit charge ("private bytes"): 57M, peak: 58M

vm_info: OpenJDK 64-Bit Server VM (17.0.4.1+1) for windows-amd64 JRE (17.0.4.1+1), built on Aug 17 2022 07:42:43 by "temurin" with MS VC++ 16.7 (VS2019)

END.
